{
  "0 debug pnpm:scope": {
    "selected": 1
  },
  "1 debug pnpm:package-manifest": {
    "initial": {
      "name": "kobra",
      "version": "0.0.1",
      "private": true,
      "dependencies": {
        "@apollo/client": "3.3.19",
        "@blockly/block-plus-minus": "2.0.27",
        "@emotion/cache": "11.4.0",
        "@emotion/react": "11.4.0",
        "@emotion/server": "11.4.0",
        "@kobra-dev/react-firebase-auth-hooks": "3.0.3",
        "@material-ui/core": "4.11.4",
        "@material-ui/icons": "4.11.2",
        "@material-ui/lab": "4.0.0-alpha.58",
        "@testing-library/jest-dom": "5.12.0",
        "@testing-library/react": "11.2.7",
        "@testing-library/user-event": "13.1.9",
        "@types/jest": "26.0.23",
        "@types/js-cookie": "2.2.6",
        "@types/node": "14.17.0",
        "@types/plotly.js": "1.54.10",
        "@types/react": "17.0.6",
        "@types/react-dom": "17.0.5",
        "@types/react-plotly.js": "2.2.4",
        "@types/react-router": "5.1.14",
        "@types/react-router-dom": "5.1.7",
        "@types/react-tabs": "2.3.2",
        "blockly": "5.20210325.1",
        "color-normalize": "1.5.2",
        "firebase": "8.6.2",
        "graphql": "15.5.0",
        "isomorphic-unfetch": "3.1.0",
        "js-cookie": "2.2.1",
        "lodash": "4.17.21",
        "ml-knn": "3.0.0",
        "ml-logistic-regression": "2.0.0",
        "ml-matrix": "6.8.0",
        "ml-random-forest": "2.0.2",
        "ml-regression-multivariate-linear": "2.0.3",
        "ml-regression-simple-linear": "2.0.3",
        "ml-svm": "2.1.2",
        "nanoid": "3.1.23",
        "next": "10.2.2",
        "next-cookies": "2.0.3",
        "plotly.js-cartesian-dist-min": "1.58.4",
        "react": "17.0.2",
        "react-console-component": "git://github.com/kobra-dev/react-console",
        "react-dom": "17.0.2",
        "react-dropzone": "11.3.2",
        "react-markdown": "6.0.2",
        "react-plotly.js": "2.5.1",
        "react-router": "5.2.0",
        "react-router-dom": "5.2.0",
        "react-scripts": "4.0.3",
        "react-simplemde-editor": "4.1.5",
        "regression": "2.0.1",
        "remark-gfm": "1.0.0",
        "shuffle-seed": "1.1.6",
        "typescript": "4.2.4",
        "use-async-memo": "1.2.3"
      },
      "scripts": {
        "dev": "next dev",
        "build": "next build",
        "start": "next start",
        "gql-codegen": "graphql-codegen --config codegen.yml",
        "analyze": "cross-env ANALYZE=true next build",
        "analyze:server": "cross-env BUNDLE_ANALYZE=server next build",
        "analyze:browser": "cross-env BUNDLE_ANALYZE=browser next build",
        "cy:install": "cypress install",
        "cy:run": "cypress run --headless --browser chrome",
        "cy:open": "cypress open --browser chrome",
        "test:e2e:ci": "start-server-and-test dev http://localhost:3000 cy:run",
        "test": "jest",
        "lint": "eslint src",
        "format": "prettier --write src",
        "test:ci": "jest --ci",
        "test:watch": "jest --watch"
      },
      "eslintConfig": {
        "extends": "react-app"
      },
      "browserslist": {
        "production": "supports async-functions and >0.2%, not dead, not op_mini all",
        "development": [
          "last 1 chrome version",
          "last 1 firefox version",
          "last 1 safari version"
        ]
      },
      "devDependencies": {
        "@graphql-codegen/cli": "1.21.4",
        "@graphql-codegen/introspection": "1.18.2",
        "@graphql-codegen/typescript": "1.22.0",
        "@graphql-codegen/typescript-operations": "1.17.16",
        "@graphql-codegen/typescript-react-apollo": "2.2.4",
        "@next/bundle-analyzer": "10.2.2",
        "autoprefixer": "10.2.5",
        "cross-env": "7.0.3",
        "cypress": "^7.4.0",
        "prettier": "2.3.0"
      },
      "resolutions": {
        "webpack": "^5.36.1"
      },
      "description": "Kobra is a visual programming language (like Scratch) for Machine Learning."
    },
    "prefix": "/home/veritem/projects/kobra/Kobra"
  },
  "2 debug pnpm:context": {
    "currentLockfileExists": false,
    "storeDir": "/home/veritem/.pnpm-store/v3",
    "virtualStoreDir": "/home/veritem/projects/kobra/Kobra/node_modules/.pnpm"
  },
  "3 debug pnpm:stage": {
    "prefix": "/home/veritem/projects/kobra/Kobra",
    "stage": "resolution_started"
  },
  "4 debug pnpm:_dependency_resolved": {
    "resolution": "registry.npmjs.org/cross-env/7.0.3",
    "wanted": {
      "dependentId": ".",
      "name": "cross-env",
      "rawSpec": "7.0.3"
    }
  },
  "5 debug pnpm:progress": {
    "packageId": "registry.npmjs.org/cross-env/7.0.3",
    "requester": "/home/veritem/projects/kobra/Kobra",
    "status": "resolved"
  },
  "6 debug pnpm:_dependency_resolved": {
    "resolution": "registry.npmjs.org/prettier/2.3.0",
    "wanted": {
      "dependentId": ".",
      "name": "prettier",
      "rawSpec": "2.3.0"
    }
  },
  "7 debug pnpm:progress": {
    "packageId": "registry.npmjs.org/prettier/2.3.0",
    "requester": "/home/veritem/projects/kobra/Kobra",
    "status": "resolved"
  },
  "8 debug pnpm:_dependency_resolved": {
    "resolution": "registry.npmjs.org/@emotion/cache/11.4.0",
    "wanted": {
      "dependentId": ".",
      "name": "@emotion/cache",
      "rawSpec": "11.4.0"
    }
  },
  "9 debug pnpm:progress": {
    "packageId": "registry.npmjs.org/@emotion/cache/11.4.0",
    "requester": "/home/veritem/projects/kobra/Kobra",
    "status": "resolved"
  },
  "10 debug pnpm:_dependency_resolved": {
    "resolution": "registry.npmjs.org/autoprefixer/10.2.5",
    "wanted": {
      "dependentId": ".",
      "name": "autoprefixer",
      "rawSpec": "10.2.5"
    }
  },
  "11 debug pnpm:progress": {
    "packageId": "registry.npmjs.org/autoprefixer/10.2.5",
    "requester": "/home/veritem/projects/kobra/Kobra",
    "status": "resolved"
  },
  "12 debug pnpm:progress": {
    "packageId": "registry.npmjs.org/cross-env/7.0.3",
    "requester": "/home/veritem/projects/kobra/Kobra",
    "status": "found_in_store"
  },
  "13 debug pnpm:progress": {
    "packageId": "registry.npmjs.org/prettier/2.3.0",
    "requester": "/home/veritem/projects/kobra/Kobra",
    "status": "found_in_store"
  },
  "14 debug pnpm:progress": {
    "packageId": "registry.npmjs.org/autoprefixer/10.2.5",
    "requester": "/home/veritem/projects/kobra/Kobra",
    "status": "found_in_store"
  },
  "15 debug pnpm:fetching-progress": {
    "attempt": 1,
    "packageId": "registry.npmjs.org/@emotion/cache/11.4.0",
    "size": 13871,
    "status": "started"
  },
  "16 debug pnpm:_dependency_resolved": {
    "resolution": "registry.npmjs.org/@testing-library/jest-dom/5.12.0",
    "wanted": {
      "dependentId": ".",
      "name": "@testing-library/jest-dom",
      "rawSpec": "5.12.0"
    }
  },
  "17 debug pnpm:progress": {
    "packageId": "registry.npmjs.org/@testing-library/jest-dom/5.12.0",
    "requester": "/home/veritem/projects/kobra/Kobra",
    "status": "resolved"
  },
  "18 debug pnpm:progress": {
    "packageId": "registry.npmjs.org/@testing-library/jest-dom/5.12.0",
    "requester": "/home/veritem/projects/kobra/Kobra",
    "status": "found_in_store"
  },
  "19 debug pnpm:progress": {
    "packageId": "registry.npmjs.org/@emotion/cache/11.4.0",
    "requester": "/home/veritem/projects/kobra/Kobra",
    "status": "fetched"
  },
  "20 debug pnpm:_dependency_resolved": {
    "resolution": "registry.npmjs.org/cypress/7.5.0",
    "wanted": {
      "dependentId": ".",
      "name": "cypress",
      "rawSpec": "^7.4.0"
    }
  },
  "21 debug pnpm:progress": {
    "packageId": "registry.npmjs.org/cypress/7.5.0",
    "requester": "/home/veritem/projects/kobra/Kobra",
    "status": "resolved"
  },
  "22 debug pnpm:_dependency_resolved": {
    "resolution": "registry.npmjs.org/@emotion/react/11.4.0",
    "wanted": {
      "dependentId": ".",
      "name": "@emotion/react",
      "rawSpec": "11.4.0"
    }
  },
  "23 debug pnpm:progress": {
    "packageId": "registry.npmjs.org/@emotion/react/11.4.0",
    "requester": "/home/veritem/projects/kobra/Kobra",
    "status": "resolved"
  },
  "24 debug pnpm:_dependency_resolved": {
    "resolution": "registry.npmjs.org/@kobra-dev/react-firebase-auth-hooks/3.0.3",
    "wanted": {
      "dependentId": ".",
      "name": "@kobra-dev/react-firebase-auth-hooks",
      "rawSpec": "3.0.3"
    }
  },
  "25 debug pnpm:progress": {
    "packageId": "registry.npmjs.org/@kobra-dev/react-firebase-auth-hooks/3.0.3",
    "requester": "/home/veritem/projects/kobra/Kobra",
    "status": "resolved"
  },
  "26 debug pnpm:fetching-progress": {
    "attempt": 1,
    "packageId": "registry.npmjs.org/cypress/7.5.0",
    "size": 365672,
    "status": "started"
  },
  "27 debug pnpm:_dependency_resolved": {
    "resolution": "registry.npmjs.org/@testing-library/react/11.2.7",
    "wanted": {
      "dependentId": ".",
      "name": "@testing-library/react",
      "rawSpec": "11.2.7"
    }
  },
  "28 debug pnpm:progress": {
    "packageId": "registry.npmjs.org/@testing-library/react/11.2.7",
    "requester": "/home/veritem/projects/kobra/Kobra",
    "status": "resolved"
  },
  "29 debug pnpm:_dependency_resolved": {
    "resolution": "registry.npmjs.org/@emotion/server/11.4.0",
    "wanted": {
      "dependentId": ".",
      "name": "@emotion/server",
      "rawSpec": "11.4.0"
    }
  },
  "30 debug pnpm:progress": {
    "packageId": "registry.npmjs.org/@emotion/server/11.4.0",
    "requester": "/home/veritem/projects/kobra/Kobra",
    "status": "resolved"
  },
  "31 debug pnpm:_dependency_resolved": {
    "resolution": "registry.npmjs.org/@blockly/block-plus-minus/2.0.27",
    "wanted": {
      "dependentId": ".",
      "name": "@blockly/block-plus-minus",
      "rawSpec": "2.0.27"
    }
  },
  "32 debug pnpm:progress": {
    "packageId": "registry.npmjs.org/@blockly/block-plus-minus/2.0.27",
    "requester": "/home/veritem/projects/kobra/Kobra",
    "status": "resolved"
  },
  "33 debug pnpm:fetching-progress": {
    "attempt": 1,
    "packageId": "registry.npmjs.org/@emotion/react/11.4.0",
    "size": 132983,
    "status": "started"
  },
  "34 debug pnpm:fetching-progress": {
    "attempt": 1,
    "packageId": "registry.npmjs.org/@kobra-dev/react-firebase-auth-hooks/3.0.3",
    "size": 16031,
    "status": "started"
  },
  "35 debug pnpm:fetching-progress": {
    "attempt": 1,
    "packageId": "registry.npmjs.org/@testing-library/react/11.2.7",
    "size": 1131584,
    "status": "started"
  },
  "36 debug pnpm:progress": {
    "packageId": "registry.npmjs.org/@kobra-dev/react-firebase-auth-hooks/3.0.3",
    "requester": "/home/veritem/projects/kobra/Kobra",
    "status": "fetched"
  },
  "37 debug pnpm:_dependency_resolved": {
    "resolution": "registry.npmjs.org/@material-ui/core/4.11.4",
    "wanted": {
      "dependentId": ".",
      "name": "@material-ui/core",
      "rawSpec": "4.11.4"
    }
  },
  "38 debug pnpm:progress": {
    "packageId": "registry.npmjs.org/@material-ui/core/4.11.4",
    "requester": "/home/veritem/projects/kobra/Kobra",
    "status": "resolved"
  },
  "39 debug pnpm:_dependency_resolved": {
    "resolution": "registry.npmjs.org/@testing-library/user-event/13.1.9",
    "wanted": {
      "dependentId": ".",
      "name": "@testing-library/user-event",
      "rawSpec": "13.1.9"
    }
  },
  "40 debug pnpm:progress": {
    "packageId": "registry.npmjs.org/@testing-library/user-event/13.1.9",
    "requester": "/home/veritem/projects/kobra/Kobra",
    "status": "resolved"
  },
  "41 debug pnpm:fetching-progress": {
    "attempt": 1,
    "packageId": "registry.npmjs.org/@emotion/server/11.4.0",
    "size": 8291,
    "status": "started"
  },
  "42 debug pnpm:_dependency_resolved": {
    "resolution": "registry.npmjs.org/@material-ui/icons/4.11.2",
    "wanted": {
      "dependentId": ".",
      "name": "@material-ui/icons",
      "rawSpec": "4.11.2"
    }
  },
  "43 debug pnpm:progress": {
    "packageId": "registry.npmjs.org/@material-ui/icons/4.11.2",
    "requester": "/home/veritem/projects/kobra/Kobra",
    "status": "resolved"
  },
  "44 debug pnpm:_dependency_resolved": {
    "resolution": "registry.npmjs.org/@types/jest/26.0.23",
    "wanted": {
      "dependentId": ".",
      "name": "@types/jest",
      "rawSpec": "26.0.23"
    }
  },
  "45 debug pnpm:progress": {
    "packageId": "registry.npmjs.org/@types/jest/26.0.23",
    "requester": "/home/veritem/projects/kobra/Kobra",
    "status": "resolved"
  },
  "46 debug pnpm:_dependency_resolved": {
    "resolution": "registry.npmjs.org/@material-ui/lab/4.0.0-alpha.58",
    "wanted": {
      "dependentId": ".",
      "name": "@material-ui/lab",
      "rawSpec": "4.0.0-alpha.58"
    }
  },
  "47 debug pnpm:progress": {
    "packageId": "registry.npmjs.org/@material-ui/lab/4.0.0-alpha.58",
    "requester": "/home/veritem/projects/kobra/Kobra",
    "status": "resolved"
  },
  "48 debug pnpm:progress": {
    "packageId": "registry.npmjs.org/@emotion/server/11.4.0",
    "requester": "/home/veritem/projects/kobra/Kobra",
    "status": "fetched"
  },
  "49 debug pnpm:fetching-progress": {
    "attempt": 1,
    "packageId": "registry.npmjs.org/@blockly/block-plus-minus/2.0.27",
    "size": 31282,
    "status": "started"
  },
  "50 debug pnpm:fetching-progress": {
    "attempt": 1,
    "packageId": "registry.npmjs.org/@material-ui/icons/4.11.2",
    "size": 1045250,
    "status": "started"
  },
  "51 debug pnpm:fetching-progress": {
    "attempt": 1,
    "packageId": "registry.npmjs.org/@types/jest/26.0.23",
    "size": 16034,
    "status": "started"
  },
  "52 debug pnpm:fetching-progress": {
    "attempt": 1,
    "packageId": "registry.npmjs.org/@material-ui/core/4.11.4",
    "size": 980015,
    "status": "started"
  },
  "53 debug pnpm:progress": {
    "packageId": "registry.npmjs.org/@blockly/block-plus-minus/2.0.27",
    "requester": "/home/veritem/projects/kobra/Kobra",
    "status": "fetched"
  },
  "54 debug pnpm:progress": {
    "packageId": "registry.npmjs.org/@types/jest/26.0.23",
    "requester": "/home/veritem/projects/kobra/Kobra",
    "status": "fetched"
  },
  "55 debug pnpm:_dependency_resolved": {
    "resolution": "registry.npmjs.org/@types/node/14.17.0",
    "wanted": {
      "dependentId": ".",
      "name": "@types/node",
      "rawSpec": "14.17.0"
    }
  },
  "56 debug pnpm:progress": {
    "packageId": "registry.npmjs.org/@types/node/14.17.0",
    "requester": "/home/veritem/projects/kobra/Kobra",
    "status": "resolved"
  },
  "57 debug pnpm:fetching-progress": {
    "attempt": 1,
    "packageId": "registry.npmjs.org/@testing-library/user-event/13.1.9",
    "size": 38393,
    "status": "started"
  },
  "58 debug pnpm:_dependency_resolved": {
    "resolution": "registry.npmjs.org/@types/js-cookie/2.2.6",
    "wanted": {
      "dependentId": ".",
      "name": "@types/js-cookie",
      "rawSpec": "2.2.6"
    }
  },
  "59 debug pnpm:progress": {
    "packageId": "registry.npmjs.org/@types/js-cookie/2.2.6",
    "requester": "/home/veritem/projects/kobra/Kobra",
    "status": "resolved"
  },
  "60 debug pnpm:progress": {
    "packageId": "registry.npmjs.org/@testing-library/user-event/13.1.9",
    "requester": "/home/veritem/projects/kobra/Kobra",
    "status": "fetched"
  },
  "61 debug pnpm:progress": {
    "packageId": "registry.npmjs.org/@emotion/react/11.4.0",
    "requester": "/home/veritem/projects/kobra/Kobra",
    "status": "fetched"
  },
  "62 debug pnpm:fetching-progress": {
    "attempt": 1,
    "packageId": "registry.npmjs.org/@types/js-cookie/2.2.6",
    "size": 2819,
    "status": "started"
  },
  "63 debug pnpm:progress": {
    "packageId": "registry.npmjs.org/@types/js-cookie/2.2.6",
    "requester": "/home/veritem/projects/kobra/Kobra",
    "status": "fetched"
  },
  "64 debug pnpm:fetching-progress": {
    "attempt": 1,
    "packageId": "registry.npmjs.org/@types/node/14.17.0",
    "size": 111077,
    "status": "started"
  },
  "65 debug pnpm:fetching-progress": {
    "attempt": 1,
    "packageId": "registry.npmjs.org/@material-ui/lab/4.0.0-alpha.58",
    "size": 278887,
    "status": "started"
  },
  "66 debug pnpm:progress": {
    "packageId": "registry.npmjs.org/@types/node/14.17.0",
    "requester": "/home/veritem/projects/kobra/Kobra",
    "status": "fetched"
  },
  "67 debug pnpm:_dependency_resolved": {
    "resolution": "registry.npmjs.org/@types/react-dom/17.0.5",
    "wanted": {
      "dependentId": ".",
      "name": "@types/react-dom",
      "rawSpec": "17.0.5"
    }
  },
  "68 debug pnpm:progress": {
    "packageId": "registry.npmjs.org/@types/react-dom/17.0.5",
    "requester": "/home/veritem/projects/kobra/Kobra",
    "status": "resolved"
  },
  "69 debug pnpm:_dependency_resolved": {
    "resolution": "registry.npmjs.org/@types/react-plotly.js/2.2.4",
    "wanted": {
      "dependentId": ".",
      "name": "@types/react-plotly.js",
      "rawSpec": "2.2.4"
    }
  },
  "70 debug pnpm:progress": {
    "packageId": "registry.npmjs.org/@types/react-plotly.js/2.2.4",
    "requester": "/home/veritem/projects/kobra/Kobra",
    "status": "resolved"
  },
  "71 debug pnpm:fetching-progress": {
    "attempt": 1,
    "packageId": "registry.npmjs.org/@types/react-dom/17.0.5",
    "size": 7185,
    "status": "started"
  },
  "72 debug pnpm:progress": {
    "packageId": "registry.npmjs.org/@types/react-dom/17.0.5",
    "requester": "/home/veritem/projects/kobra/Kobra",
    "status": "fetched"
  },
  "73 debug pnpm:_dependency_resolved": {
    "resolution": "registry.npmjs.org/@apollo/client/3.3.19",
    "wanted": {
      "dependentId": ".",
      "name": "@apollo/client",
      "rawSpec": "3.3.19"
    }
  },
  "74 debug pnpm:progress": {
    "packageId": "registry.npmjs.org/@apollo/client/3.3.19",
    "requester": "/home/veritem/projects/kobra/Kobra",
    "status": "resolved"
  },
  "75 debug pnpm:progress": {
    "packageId": "registry.npmjs.org/cypress/7.5.0",
    "requester": "/home/veritem/projects/kobra/Kobra",
    "status": "fetched"
  },
  "76 debug pnpm:_dependency_resolved": {
    "resolution": "registry.npmjs.org/@types/react-router/5.1.14",
    "wanted": {
      "dependentId": ".",
      "name": "@types/react-router",
      "rawSpec": "5.1.14"
    }
  },
  "77 debug pnpm:progress": {
    "packageId": "registry.npmjs.org/@types/react-router/5.1.14",
    "requester": "/home/veritem/projects/kobra/Kobra",
    "status": "resolved"
  },
  "78 debug pnpm:_dependency_resolved": {
    "resolution": "registry.npmjs.org/@types/react-router-dom/5.1.7",
    "wanted": {
      "dependentId": ".",
      "name": "@types/react-router-dom",
      "rawSpec": "5.1.7"
    }
  },
  "79 debug pnpm:progress": {
    "packageId": "registry.npmjs.org/@types/react-router-dom/5.1.7",
    "requester": "/home/veritem/projects/kobra/Kobra",
    "status": "resolved"
  },
  "80 debug pnpm:_dependency_resolved": {
    "resolution": "registry.npmjs.org/@types/plotly.js/1.54.10",
    "wanted": {
      "dependentId": ".",
      "name": "@types/plotly.js",
      "rawSpec": "1.54.10"
    }
  },
  "81 debug pnpm:progress": {
    "packageId": "registry.npmjs.org/@types/plotly.js/1.54.10",
    "requester": "/home/veritem/projects/kobra/Kobra",
    "status": "resolved"
  },
  "82 debug pnpm:fetching-progress": {
    "attempt": 1,
    "packageId": "registry.npmjs.org/@types/react-router/5.1.14",
    "size": 4293,
    "status": "started"
  },
  "83 debug pnpm:fetching-progress": {
    "attempt": 1,
    "packageId": "registry.npmjs.org/@apollo/client/3.3.19",
    "size": 692546,
    "status": "started"
  },
  "84 debug pnpm:progress": {
    "packageId": "registry.npmjs.org/@types/react-router/5.1.14",
    "requester": "/home/veritem/projects/kobra/Kobra",
    "status": "fetched"
  },
  "85 debug pnpm:_dependency_resolved": {
    "resolution": "registry.npmjs.org/@types/react-tabs/2.3.2",
    "wanted": {
      "dependentId": ".",
      "name": "@types/react-tabs",
      "rawSpec": "2.3.2"
    }
  },
  "86 debug pnpm:progress": {
    "packageId": "registry.npmjs.org/@types/react-tabs/2.3.2",
    "requester": "/home/veritem/projects/kobra/Kobra",
    "status": "resolved"
  },
  "87 debug pnpm:fetching-progress": {
    "attempt": 1,
    "packageId": "registry.npmjs.org/@types/react-router-dom/5.1.7",
    "size": 2521,
    "status": "started"
  },
  "88 debug pnpm:progress": {
    "packageId": "registry.npmjs.org/@types/react-router-dom/5.1.7",
    "requester": "/home/veritem/projects/kobra/Kobra",
    "status": "fetched"
  },
  "89 debug pnpm:_dependency_resolved": {
    "resolution": "registry.npmjs.org/blockly/5.20210325.1",
    "wanted": {
      "dependentId": ".",
      "name": "blockly",
      "rawSpec": "5.20210325.1"
    }
  },
  "90 debug pnpm:progress": {
    "packageId": "registry.npmjs.org/blockly/5.20210325.1",
    "requester": "/home/veritem/projects/kobra/Kobra",
    "status": "resolved"
  },
  "91 debug pnpm:fetching-progress": {
    "attempt": 1,
    "packageId": "registry.npmjs.org/@types/react-tabs/2.3.2",
    "size": 2024,
    "status": "started"
  },
  "92 debug pnpm:progress": {
    "packageId": "registry.npmjs.org/@types/react-tabs/2.3.2",
    "requester": "/home/veritem/projects/kobra/Kobra",
    "status": "fetched"
  },
  "93 debug pnpm:_dependency_resolved": {
    "resolution": "registry.npmjs.org/color-normalize/1.5.2",
    "wanted": {
      "dependentId": ".",
      "name": "color-normalize",
      "rawSpec": "1.5.2"
    }
  },
  "94 debug pnpm:progress": {
    "packageId": "registry.npmjs.org/color-normalize/1.5.2",
    "requester": "/home/veritem/projects/kobra/Kobra",
    "status": "resolved"
  },
  "95 debug pnpm:progress": {
    "packageId": "registry.npmjs.org/@material-ui/lab/4.0.0-alpha.58",
    "requester": "/home/veritem/projects/kobra/Kobra",
    "status": "fetched"
  },
  "96 debug pnpm:_dependency_resolved": {
    "resolution": "registry.npmjs.org/@types/react/17.0.6",
    "wanted": {
      "dependentId": ".",
      "name": "@types/react",
      "rawSpec": "17.0.6"
    }
  },
  "97 debug pnpm:progress": {
    "packageId": "registry.npmjs.org/@types/react/17.0.6",
    "requester": "/home/veritem/projects/kobra/Kobra",
    "status": "resolved"
  },
  "98 debug pnpm:fetching-progress": {
    "attempt": 1,
    "packageId": "registry.npmjs.org/@types/plotly.js/1.54.10",
    "size": 21235,
    "status": "started"
  },
  "99 debug pnpm:progress": {
    "packageId": "registry.npmjs.org/@types/plotly.js/1.54.10",
    "requester": "/home/veritem/projects/kobra/Kobra",
    "status": "fetched"
  },
  "100 debug pnpm:fetching-progress": {
    "attempt": 1,
    "packageId": "registry.npmjs.org/color-normalize/1.5.2",
    "size": 2833,
    "status": "started"
  },
  "101 debug pnpm:progress": {
    "packageId": "registry.npmjs.org/color-normalize/1.5.2",
    "requester": "/home/veritem/projects/kobra/Kobra",
    "status": "fetched"
  },
  "102 debug pnpm:fetching-progress": {
    "attempt": 1,
    "packageId": "registry.npmjs.org/blockly/5.20210325.1",
    "size": 2165644,
    "status": "started"
  },
  "103 debug pnpm:_dependency_resolved": {
    "resolution": "registry.npmjs.org/isomorphic-unfetch/3.1.0",
    "wanted": {
      "dependentId": ".",
      "name": "isomorphic-unfetch",
      "rawSpec": "3.1.0"
    }
  },
  "104 debug pnpm:progress": {
    "packageId": "registry.npmjs.org/isomorphic-unfetch/3.1.0",
    "requester": "/home/veritem/projects/kobra/Kobra",
    "status": "resolved"
  },
  "105 debug pnpm:_dependency_resolved": {
    "resolution": "registry.npmjs.org/lodash/4.17.21",
    "wanted": {
      "dependentId": ".",
      "name": "lodash",
      "rawSpec": "4.17.21"
    }
  },
  "106 debug pnpm:progress": {
    "packageId": "registry.npmjs.org/lodash/4.17.21",
    "requester": "/home/veritem/projects/kobra/Kobra",
    "status": "resolved"
  },
  "107 debug pnpm:_dependency_resolved": {
    "resolution": "registry.npmjs.org/@next/bundle-analyzer/10.2.2",
    "wanted": {
      "dependentId": ".",
      "name": "@next/bundle-analyzer",
      "rawSpec": "10.2.2"
    }
  },
  "108 debug pnpm:progress": {
    "packageId": "registry.npmjs.org/@next/bundle-analyzer/10.2.2",
    "requester": "/home/veritem/projects/kobra/Kobra",
    "status": "resolved"
  },
  "109 debug pnpm:progress": {
    "packageId": "registry.npmjs.org/lodash/4.17.21",
    "requester": "/home/veritem/projects/kobra/Kobra",
    "status": "found_in_store"
  },
  "110 debug pnpm:progress": {
    "packageId": "registry.npmjs.org/@testing-library/react/11.2.7",
    "requester": "/home/veritem/projects/kobra/Kobra",
    "status": "fetched"
  },
  "111 debug pnpm:fetching-progress": {
    "attempt": 1,
    "packageId": "registry.npmjs.org/@types/react/17.0.6",
    "size": 31845,
    "status": "started"
  },
  "112 debug pnpm:fetching-progress": {
    "attempt": 1,
    "packageId": "registry.npmjs.org/isomorphic-unfetch/3.1.0",
    "size": 1273,
    "status": "started"
  },
  "113 debug pnpm:progress": {
    "packageId": "registry.npmjs.org/isomorphic-unfetch/3.1.0",
    "requester": "/home/veritem/projects/kobra/Kobra",
    "status": "fetched"
  },
  "114 debug pnpm:progress": {
    "packageId": "registry.npmjs.org/@types/react/17.0.6",
    "requester": "/home/veritem/projects/kobra/Kobra",
    "status": "fetched"
  },
  "115 debug pnpm:progress": {
    "packageId": "registry.npmjs.org/@material-ui/icons/4.11.2",
    "requester": "/home/veritem/projects/kobra/Kobra",
    "status": "fetched"
  },
  "116 debug pnpm:_dependency_resolved": {
    "resolution": "registry.npmjs.org/js-cookie/2.2.1",
    "wanted": {
      "dependentId": ".",
      "name": "js-cookie",
      "rawSpec": "2.2.1"
    }
  },
  "117 debug pnpm:progress": {
    "packageId": "registry.npmjs.org/js-cookie/2.2.1",
    "requester": "/home/veritem/projects/kobra/Kobra",
    "status": "resolved"
  },
  "118 debug pnpm:_dependency_resolved": {
    "resolution": "registry.npmjs.org/ml-knn/3.0.0",
    "wanted": {
      "dependentId": ".",
      "name": "ml-knn",
      "rawSpec": "3.0.0"
    }
  },
  "119 debug pnpm:progress": {
    "packageId": "registry.npmjs.org/ml-knn/3.0.0",
    "requester": "/home/veritem/projects/kobra/Kobra",
    "status": "resolved"
  },
  "120 debug pnpm:_dependency_resolved": {
    "resolution": "registry.npmjs.org/ml-regression-multivariate-linear/2.0.3",
    "wanted": {
      "dependentId": ".",
      "name": "ml-regression-multivariate-linear",
      "rawSpec": "2.0.3"
    }
  },
  "121 debug pnpm:progress": {
    "packageId": "registry.npmjs.org/ml-regression-multivariate-linear/2.0.3",
    "requester": "/home/veritem/projects/kobra/Kobra",
    "status": "resolved"
  },
  "122 debug pnpm:_dependency_resolved": {
    "resolution": "registry.npmjs.org/ml-logistic-regression/2.0.0",
    "wanted": {
      "dependentId": ".",
      "name": "ml-logistic-regression",
      "rawSpec": "2.0.0"
    }
  },
  "123 debug pnpm:progress": {
    "packageId": "registry.npmjs.org/ml-logistic-regression/2.0.0",
    "requester": "/home/veritem/projects/kobra/Kobra",
    "status": "resolved"
  },
  "124 debug pnpm:fetching-progress": {
    "attempt": 1,
    "packageId": "registry.npmjs.org/ml-knn/3.0.0",
    "size": 7174,
    "status": "started"
  },
  "125 debug pnpm:fetching-progress": {
    "attempt": 1,
    "packageId": "registry.npmjs.org/js-cookie/2.2.1",
    "size": 10010,
    "status": "started"
  },
  "126 debug pnpm:fetching-progress": {
    "attempt": 1,
    "packageId": "registry.npmjs.org/@next/bundle-analyzer/10.2.2",
    "size": 1796,
    "status": "started"
  },
  "127 debug pnpm:progress": {
    "packageId": "registry.npmjs.org/ml-knn/3.0.0",
    "requester": "/home/veritem/projects/kobra/Kobra",
    "status": "fetched"
  },
  "128 debug pnpm:progress": {
    "packageId": "registry.npmjs.org/js-cookie/2.2.1",
    "requester": "/home/veritem/projects/kobra/Kobra",
    "status": "fetched"
  },
  "129 debug pnpm:progress": {
    "packageId": "registry.npmjs.org/@next/bundle-analyzer/10.2.2",
    "requester": "/home/veritem/projects/kobra/Kobra",
    "status": "fetched"
  },
  "130 debug pnpm:fetching-progress": {
    "attempt": 1,
    "packageId": "registry.npmjs.org/ml-regression-multivariate-linear/2.0.3",
    "size": 4338,
    "status": "started"
  },
  "131 debug pnpm:progress": {
    "packageId": "registry.npmjs.org/ml-regression-multivariate-linear/2.0.3",
    "requester": "/home/veritem/projects/kobra/Kobra",
    "status": "fetched"
  },
  "132 debug pnpm:_dependency_resolved": {
    "resolution": "registry.npmjs.org/nanoid/3.1.23",
    "wanted": {
      "dependentId": ".",
      "name": "nanoid",
      "rawSpec": "3.1.23"
    }
  },
  "133 debug pnpm:progress": {
    "packageId": "registry.npmjs.org/nanoid/3.1.23",
    "requester": "/home/veritem/projects/kobra/Kobra",
    "status": "resolved"
  },
  "134 debug pnpm:progress": {
    "packageId": "registry.npmjs.org/nanoid/3.1.23",
    "requester": "/home/veritem/projects/kobra/Kobra",
    "status": "found_in_store"
  },
  "135 debug pnpm:_dependency_resolved": {
    "resolution": "registry.npmjs.org/graphql/15.5.0",
    "wanted": {
      "dependentId": ".",
      "name": "graphql",
      "rawSpec": "15.5.0"
    }
  },
  "136 debug pnpm:progress": {
    "packageId": "registry.npmjs.org/graphql/15.5.0",
    "requester": "/home/veritem/projects/kobra/Kobra",
    "status": "resolved"
  },
  "137 debug pnpm:fetching-progress": {
    "attempt": 1,
    "packageId": "registry.npmjs.org/ml-logistic-regression/2.0.0",
    "size": 3811,
    "status": "started"
  },
  "138 debug pnpm:progress": {
    "packageId": "registry.npmjs.org/@material-ui/core/4.11.4",
    "requester": "/home/veritem/projects/kobra/Kobra",
    "status": "fetched"
  },
  "139 debug pnpm:progress": {
    "packageId": "registry.npmjs.org/ml-logistic-regression/2.0.0",
    "requester": "/home/veritem/projects/kobra/Kobra",
    "status": "fetched"
  },
  "140 debug pnpm:_dependency_resolved": {
    "resolution": "registry.npmjs.org/ml-random-forest/2.0.2",
    "wanted": {
      "dependentId": ".",
      "name": "ml-random-forest",
      "rawSpec": "2.0.2"
    }
  },
  "141 debug pnpm:progress": {
    "packageId": "registry.npmjs.org/ml-random-forest/2.0.2",
    "requester": "/home/veritem/projects/kobra/Kobra",
    "status": "resolved"
  },
  "142 debug pnpm:fetching-progress": {
    "attempt": 1,
    "packageId": "registry.npmjs.org/graphql/15.5.0",
    "size": 434896,
    "status": "started"
  },
  "143 debug pnpm:_dependency_resolved": {
    "resolution": "registry.npmjs.org/react/17.0.2",
    "wanted": {
      "dependentId": ".",
      "name": "react",
      "rawSpec": "17.0.2"
    }
  },
  "144 debug pnpm:progress": {
    "packageId": "registry.npmjs.org/react/17.0.2",
    "requester": "/home/veritem/projects/kobra/Kobra",
    "status": "resolved"
  },
  "145 debug pnpm:progress": {
    "packageId": "registry.npmjs.org/react/17.0.2",
    "requester": "/home/veritem/projects/kobra/Kobra",
    "status": "found_in_store"
  },
  "146 debug pnpm:_dependency_resolved": {
    "resolution": "registry.npmjs.org/ml-regression-simple-linear/2.0.3",
    "wanted": {
      "dependentId": ".",
      "name": "ml-regression-simple-linear",
      "rawSpec": "2.0.3"
    }
  },
  "147 debug pnpm:progress": {
    "packageId": "registry.npmjs.org/ml-regression-simple-linear/2.0.3",
    "requester": "/home/veritem/projects/kobra/Kobra",
    "status": "resolved"
  },
  "148 debug pnpm:_dependency_resolved": {
    "resolution": "registry.npmjs.org/ml-svm/2.1.2",
    "wanted": {
      "dependentId": ".",
      "name": "ml-svm",
      "rawSpec": "2.1.2"
    }
  },
  "149 debug pnpm:progress": {
    "packageId": "registry.npmjs.org/ml-svm/2.1.2",
    "requester": "/home/veritem/projects/kobra/Kobra",
    "status": "resolved"
  },
  "150 debug pnpm:_dependency_resolved": {
    "resolution": "registry.npmjs.org/ml-matrix/6.8.0",
    "wanted": {
      "dependentId": ".",
      "name": "ml-matrix",
      "rawSpec": "6.8.0"
    }
  },
  "151 debug pnpm:progress": {
    "packageId": "registry.npmjs.org/ml-matrix/6.8.0",
    "requester": "/home/veritem/projects/kobra/Kobra",
    "status": "resolved"
  },
  "152 debug pnpm:_dependency_resolved": {
    "resolution": "registry.npmjs.org/react-dom/17.0.2",
    "wanted": {
      "dependentId": ".",
      "name": "react-dom",
      "rawSpec": "17.0.2"
    }
  },
  "153 debug pnpm:progress": {
    "packageId": "registry.npmjs.org/react-dom/17.0.2",
    "requester": "/home/veritem/projects/kobra/Kobra",
    "status": "resolved"
  },
  "154 debug pnpm:progress": {
    "packageId": "registry.npmjs.org/react-dom/17.0.2",
    "requester": "/home/veritem/projects/kobra/Kobra",
    "status": "found_in_store"
  },
  "155 debug pnpm:fetching-progress": {
    "attempt": 1,
    "packageId": "registry.npmjs.org/ml-regression-simple-linear/2.0.3",
    "size": 4217,
    "status": "started"
  },
  "156 debug pnpm:progress": {
    "packageId": "registry.npmjs.org/ml-regression-simple-linear/2.0.3",
    "requester": "/home/veritem/projects/kobra/Kobra",
    "status": "fetched"
  },
  "157 debug pnpm:fetching-progress": {
    "attempt": 1,
    "packageId": "registry.npmjs.org/ml-svm/2.1.2",
    "size": 1212247,
    "status": "started"
  },
  "158 debug pnpm:fetching-progress": {
    "attempt": 1,
    "packageId": "registry.npmjs.org/ml-matrix/6.8.0",
    "size": 73276,
    "status": "started"
  },
  "159 debug pnpm:_dependency_resolved": {
    "resolution": "registry.npmjs.org/next-cookies/2.0.3",
    "wanted": {
      "dependentId": ".",
      "name": "next-cookies",
      "rawSpec": "2.0.3"
    }
  },
  "160 debug pnpm:progress": {
    "packageId": "registry.npmjs.org/next-cookies/2.0.3",
    "requester": "/home/veritem/projects/kobra/Kobra",
    "status": "resolved"
  },
  "161 debug pnpm:progress": {
    "packageId": "registry.npmjs.org/ml-matrix/6.8.0",
    "requester": "/home/veritem/projects/kobra/Kobra",
    "status": "fetched"
  },
  "162 debug pnpm:_dependency_resolved": {
    "resolution": "registry.npmjs.org/plotly.js-cartesian-dist-min/1.58.4",
    "wanted": {
      "dependentId": ".",
      "name": "plotly.js-cartesian-dist-min",
      "rawSpec": "1.58.4"
    }
  },
  "163 debug pnpm:progress": {
    "packageId": "registry.npmjs.org/plotly.js-cartesian-dist-min/1.58.4",
    "requester": "/home/veritem/projects/kobra/Kobra",
    "status": "resolved"
  },
  "164 debug pnpm:fetching-progress": {
    "attempt": 1,
    "packageId": "registry.npmjs.org/next-cookies/2.0.3",
    "size": 2215,
    "status": "started"
  },
  "165 debug pnpm:progress": {
    "packageId": "registry.npmjs.org/next-cookies/2.0.3",
    "requester": "/home/veritem/projects/kobra/Kobra",
    "status": "fetched"
  },
  "166 debug pnpm:fetching-progress": {
    "attempt": 1,
    "packageId": "registry.npmjs.org/plotly.js-cartesian-dist-min/1.58.4",
    "size": 372959,
    "status": "started"
  },
  "167 debug pnpm:_dependency_resolved": {
    "resolution": "registry.npmjs.org/react-markdown/6.0.2",
    "wanted": {
      "dependentId": ".",
      "name": "react-markdown",
      "rawSpec": "6.0.2"
    }
  },
  "168 debug pnpm:progress": {
    "packageId": "registry.npmjs.org/react-markdown/6.0.2",
    "requester": "/home/veritem/projects/kobra/Kobra",
    "status": "resolved"
  },
  "169 debug pnpm:_dependency_resolved": {
    "resolution": "registry.npmjs.org/react-router/5.2.0",
    "wanted": {
      "dependentId": ".",
      "name": "react-router",
      "rawSpec": "5.2.0"
    }
  },
  "170 debug pnpm:progress": {
    "packageId": "registry.npmjs.org/react-router/5.2.0",
    "requester": "/home/veritem/projects/kobra/Kobra",
    "status": "resolved"
  },
  "171 debug pnpm:progress": {
    "packageId": "registry.npmjs.org/react-router/5.2.0",
    "requester": "/home/veritem/projects/kobra/Kobra",
    "status": "found_in_store"
  },
  "172 debug pnpm:fetching-progress": {
    "attempt": 1,
    "packageId": "registry.npmjs.org/react-markdown/6.0.2",
    "size": 68471,
    "status": "started"
  },
  "173 debug pnpm:_dependency_resolved": {
    "resolution": "registry.npmjs.org/react-plotly.js/2.5.1",
    "wanted": {
      "dependentId": ".",
      "name": "react-plotly.js",
      "rawSpec": "2.5.1"
    }
  },
  "174 debug pnpm:progress": {
    "packageId": "registry.npmjs.org/react-plotly.js/2.5.1",
    "requester": "/home/veritem/projects/kobra/Kobra",
    "status": "resolved"
  },
  "175 debug pnpm:_dependency_resolved": {
    "resolution": "registry.npmjs.org/react-router-dom/5.2.0",
    "wanted": {
      "dependentId": ".",
      "name": "react-router-dom",
      "rawSpec": "5.2.0"
    }
  },
  "176 debug pnpm:progress": {
    "packageId": "registry.npmjs.org/react-router-dom/5.2.0",
    "requester": "/home/veritem/projects/kobra/Kobra",
    "status": "resolved"
  },
  "177 debug pnpm:progress": {
    "packageId": "registry.npmjs.org/react-router-dom/5.2.0",
    "requester": "/home/veritem/projects/kobra/Kobra",
    "status": "found_in_store"
  },
  "178 debug pnpm:_dependency_resolved": {
    "resolution": "github.com/kobra-dev/react-console/edc4282f65e6f7ced6521fa191e4a52177408b20",
    "wanted": {
      "dependentId": ".",
      "name": "react-console-component",
      "rawSpec": "git://github.com/kobra-dev/react-console"
    }
  },
  "179 debug pnpm:fetching-progress": {
    "attempt": 1,
    "packageId": "registry.npmjs.org/react-plotly.js/2.5.1",
    "size": 57631,
    "status": "started"
  },
  "180 debug pnpm:progress": {
    "packageId": "registry.npmjs.org/graphql/15.5.0",
    "requester": "/home/veritem/projects/kobra/Kobra",
    "status": "fetched"
  },
  "181 debug pnpm:progress": {
    "packageId": "registry.npmjs.org/react-plotly.js/2.5.1",
    "requester": "/home/veritem/projects/kobra/Kobra",
    "status": "fetched"
  },
  "182 debug pnpm:progress": {
    "packageId": "registry.npmjs.org/react-markdown/6.0.2",
    "requester": "/home/veritem/projects/kobra/Kobra",
    "status": "fetched"
  },
  "183 debug pnpm:_dependency_resolved": {
    "resolution": "registry.npmjs.org/react-dropzone/11.3.2",
    "wanted": {
      "dependentId": ".",
      "name": "react-dropzone",
      "rawSpec": "11.3.2"
    }
  },
  "184 debug pnpm:progress": {
    "packageId": "registry.npmjs.org/react-dropzone/11.3.2",
    "requester": "/home/veritem/projects/kobra/Kobra",
    "status": "resolved"
  },
  "185 debug pnpm:fetching-progress": {
    "attempt": 1,
    "packageId": "github.com/kobra-dev/react-console/edc4282f65e6f7ced6521fa191e4a52177408b20",
    "size": null,
    "status": "started"
  },
  "186 debug pnpm:_dependency_resolved": {
    "resolution": "registry.npmjs.org/regression/2.0.1",
    "wanted": {
      "dependentId": ".",
      "name": "regression",
      "rawSpec": "2.0.1"
    }
  },
  "187 debug pnpm:progress": {
    "packageId": "registry.npmjs.org/regression/2.0.1",
    "requester": "/home/veritem/projects/kobra/Kobra",
    "status": "resolved"
  },
  "188 debug pnpm:_dependency_resolved": {
    "resolution": "registry.npmjs.org/remark-gfm/1.0.0",
    "wanted": {
      "dependentId": ".",
      "name": "remark-gfm",
      "rawSpec": "1.0.0"
    }
  },
  "189 debug pnpm:progress": {
    "packageId": "registry.npmjs.org/remark-gfm/1.0.0",
    "requester": "/home/veritem/projects/kobra/Kobra",
    "status": "resolved"
  },
  "190 debug pnpm:_dependency_resolved": {
    "resolution": "registry.npmjs.org/react-simplemde-editor/4.1.5",
    "wanted": {
      "dependentId": ".",
      "name": "react-simplemde-editor",
      "rawSpec": "4.1.5"
    }
  },
  "191 debug pnpm:progress": {
    "packageId": "registry.npmjs.org/react-simplemde-editor/4.1.5",
    "requester": "/home/veritem/projects/kobra/Kobra",
    "status": "resolved"
  },
  "192 debug pnpm:fetching-progress": {
    "attempt": 1,
    "packageId": "registry.npmjs.org/regression/2.0.1",
    "size": 40608,
    "status": "started"
  },
  "193 debug pnpm:progress": {
    "packageId": "registry.npmjs.org/plotly.js-cartesian-dist-min/1.58.4",
    "requester": "/home/veritem/projects/kobra/Kobra",
    "status": "fetched"
  },
  "194 debug pnpm:fetching-progress": {
    "attempt": 1,
    "packageId": "registry.npmjs.org/remark-gfm/1.0.0",
    "size": 4472,
    "status": "started"
  },
  "195 debug pnpm:progress": {
    "packageId": "registry.npmjs.org/regression/2.0.1",
    "requester": "/home/veritem/projects/kobra/Kobra",
    "status": "fetched"
  },
  "196 debug pnpm:fetching-progress": {
    "attempt": 1,
    "packageId": "registry.npmjs.org/react-simplemde-editor/4.1.5",
    "size": 11722,
    "status": "started"
  },
  "197 debug pnpm:progress": {
    "packageId": "registry.npmjs.org/react-simplemde-editor/4.1.5",
    "requester": "/home/veritem/projects/kobra/Kobra",
    "status": "fetched"
  },
  "198 debug pnpm:progress": {
    "packageId": "registry.npmjs.org/remark-gfm/1.0.0",
    "requester": "/home/veritem/projects/kobra/Kobra",
    "status": "fetched"
  },
  "199 debug pnpm:fetching-progress": {
    "attempt": 1,
    "packageId": "registry.npmjs.org/react-dropzone/11.3.2",
    "size": 163968,
    "status": "started"
  },
  "200 debug pnpm:_dependency_resolved": {
    "resolution": "registry.npmjs.org/typescript/4.2.4",
    "wanted": {
      "dependentId": ".",
      "name": "typescript",
      "rawSpec": "4.2.4"
    }
  },
  "201 debug pnpm:progress": {
    "packageId": "registry.npmjs.org/typescript/4.2.4",
    "requester": "/home/veritem/projects/kobra/Kobra",
    "status": "resolved"
  },
  "202 debug pnpm:progress": {
    "packageId": "registry.npmjs.org/typescript/4.2.4",
    "requester": "/home/veritem/projects/kobra/Kobra",
    "status": "found_in_store"
  },
  "203 debug pnpm:_dependency_resolved": {
    "resolution": "registry.npmjs.org/shuffle-seed/1.1.6",
    "wanted": {
      "dependentId": ".",
      "name": "shuffle-seed",
      "rawSpec": "1.1.6"
    }
  },
  "204 debug pnpm:progress": {
    "packageId": "registry.npmjs.org/shuffle-seed/1.1.6",
    "requester": "/home/veritem/projects/kobra/Kobra",
    "status": "resolved"
  },
  "205 debug pnpm:_dependency_resolved": {
    "resolution": "registry.npmjs.org/use-async-memo/1.2.3",
    "wanted": {
      "dependentId": ".",
      "name": "use-async-memo",
      "rawSpec": "1.2.3"
    }
  },
  "206 debug pnpm:progress": {
    "packageId": "registry.npmjs.org/use-async-memo/1.2.3",
    "requester": "/home/veritem/projects/kobra/Kobra",
    "status": "resolved"
  },
  "207 debug pnpm:fetching-progress": {
    "attempt": 1,
    "packageId": "registry.npmjs.org/shuffle-seed/1.1.6",
    "size": 3968,
    "status": "started"
  },
  "208 debug pnpm:progress": {
    "packageId": "registry.npmjs.org/shuffle-seed/1.1.6",
    "requester": "/home/veritem/projects/kobra/Kobra",
    "status": "fetched"
  },
  "209 debug pnpm:fetching-progress": {
    "attempt": 1,
    "packageId": "registry.npmjs.org/use-async-memo/1.2.3",
    "size": 2170,
    "status": "started"
  },
  "210 debug pnpm:progress": {
    "packageId": "registry.npmjs.org/use-async-memo/1.2.3",
    "requester": "/home/veritem/projects/kobra/Kobra",
    "status": "fetched"
  },
  "211 debug pnpm:fetching-progress": {
    "attempt": 1,
    "packageId": "registry.npmjs.org/ml-random-forest/2.0.2",
    "size": 10010,
    "status": "started"
  },
  "212 debug pnpm:progress": {
    "packageId": "registry.npmjs.org/ml-random-forest/2.0.2",
    "requester": "/home/veritem/projects/kobra/Kobra",
    "status": "fetched"
  },
  "213 debug pnpm:fetching-progress": {
    "attempt": 1,
    "packageId": "registry.npmjs.org/@types/react-plotly.js/2.2.4",
    "size": 2609,
    "status": "started"
  },
  "214 debug pnpm:progress": {
    "packageId": "registry.npmjs.org/@types/react-plotly.js/2.2.4",
    "requester": "/home/veritem/projects/kobra/Kobra",
    "status": "fetched"
  },
  "215 debug pnpm:progress": {
    "packageId": "registry.npmjs.org/react-dropzone/11.3.2",
    "requester": "/home/veritem/projects/kobra/Kobra",
    "status": "fetched"
  },
  "216 debug pnpm:_dependency_resolved": {
    "resolution": "registry.npmjs.org/react-scripts/4.0.3",
    "wanted": {
      "dependentId": ".",
      "name": "react-scripts",
      "rawSpec": "4.0.3"
    }
  },
  "217 debug pnpm:progress": {
    "packageId": "registry.npmjs.org/react-scripts/4.0.3",
    "requester": "/home/veritem/projects/kobra/Kobra",
    "status": "resolved"
  },
  "218 debug pnpm:fetching-progress": {
    "attempt": 1,
    "packageId": "registry.npmjs.org/react-scripts/4.0.3",
    "size": 36047,
    "status": "started"
  },
  "219 debug pnpm:progress": {
    "packageId": "registry.npmjs.org/react-scripts/4.0.3",
    "requester": "/home/veritem/projects/kobra/Kobra",
    "status": "fetched"
  },
  "220 debug pnpm:request-retry": {
    "attempt": 1,
    "error": {
      "message": "Response timeout while trying to fetch https://registry.npmjs.org/@graphql-codegen%2Fintrospection (over 60000ms)",
      "type": "body-timeout"
    },
    "maxRetries": 2,
    "method": "GET",
    "timeout": 10000,
    "url": "https://registry.npmjs.org/@graphql-codegen%2Fintrospection"
  },
  "221 debug pnpm:request-retry": {
    "attempt": 1,
    "error": {
      "message": "Response timeout while trying to fetch https://registry.npmjs.org/@graphql-codegen%2Ftypescript-react-apollo (over 60000ms)",
      "type": "body-timeout"
    },
    "maxRetries": 2,
    "method": "GET",
    "timeout": 10000,
    "url": "https://registry.npmjs.org/@graphql-codegen%2Ftypescript-react-apollo"
  },
  "222 debug pnpm:request-retry": {
    "attempt": 1,
    "error": {
      "message": "Response timeout while trying to fetch https://registry.npmjs.org/@graphql-codegen%2Ftypescript (over 60000ms)",
      "type": "body-timeout"
    },
    "maxRetries": 2,
    "method": "GET",
    "timeout": 10000,
    "url": "https://registry.npmjs.org/@graphql-codegen%2Ftypescript"
  },
  "223 debug pnpm:request-retry": {
    "attempt": 1,
    "error": {
      "message": "Response timeout while trying to fetch https://registry.npmjs.org/@graphql-codegen%2Fcli (over 60000ms)",
      "type": "body-timeout"
    },
    "maxRetries": 2,
    "method": "GET",
    "timeout": 10000,
    "url": "https://registry.npmjs.org/@graphql-codegen%2Fcli"
  },
  "224 debug pnpm:request-retry": {
    "attempt": 1,
    "error": {
      "message": "Response timeout while trying to fetch https://registry.npmjs.org/@graphql-codegen%2Ftypescript-operations (over 60000ms)",
      "type": "body-timeout"
    },
    "maxRetries": 2,
    "method": "GET",
    "timeout": 10000,
    "url": "https://registry.npmjs.org/@graphql-codegen%2Ftypescript-operations"
  },
  "225 debug pnpm:progress": {
    "packageId": "registry.npmjs.org/ml-svm/2.1.2",
    "requester": "/home/veritem/projects/kobra/Kobra",
    "status": "fetched"
  },
  "226 debug pnpm:progress": {
    "packageId": "registry.npmjs.org/@apollo/client/3.3.19",
    "requester": "/home/veritem/projects/kobra/Kobra",
    "status": "fetched"
  },
  "227 debug pnpm:progress": {
    "packageId": "registry.npmjs.org/blockly/5.20210325.1",
    "requester": "/home/veritem/projects/kobra/Kobra",
    "status": "fetched"
  },
  "228 debug pnpm:request-retry": {
    "attempt": 1,
    "error": {
      "message": "Response timeout while trying to fetch https://registry.npmjs.org/firebase (over 60000ms)",
      "type": "body-timeout"
    },
    "maxRetries": 2,
    "method": "GET",
    "timeout": 10000,
    "url": "https://registry.npmjs.org/firebase"
  },
  "229 debug pnpm:request-retry": {
    "attempt": 1,
    "error": {
      "message": "Response timeout while trying to fetch https://registry.npmjs.org/next (over 60000ms)",
      "type": "body-timeout"
    },
    "maxRetries": 2,
    "method": "GET",
    "timeout": 10000,
    "url": "https://registry.npmjs.org/next"
  },
  "230 debug pnpm:request-retry": {
    "attempt": 2,
    "error": {
      "message": "Response timeout while trying to fetch https://registry.npmjs.org/@graphql-codegen%2Fintrospection (over 60000ms)",
      "type": "body-timeout"
    },
    "maxRetries": 2,
    "method": "GET",
    "timeout": 60000,
    "url": "https://registry.npmjs.org/@graphql-codegen%2Fintrospection"
  },
  "231 debug pnpm:request-retry": {
    "attempt": 2,
    "error": {
      "message": "Response timeout while trying to fetch https://registry.npmjs.org/@graphql-codegen%2Ftypescript (over 60000ms)",
      "type": "body-timeout"
    },
    "maxRetries": 2,
    "method": "GET",
    "timeout": 60000,
    "url": "https://registry.npmjs.org/@graphql-codegen%2Ftypescript"
  },
  "232 debug pnpm:request-retry": {
    "attempt": 2,
    "error": {
      "message": "Response timeout while trying to fetch https://registry.npmjs.org/@graphql-codegen%2Ftypescript-operations (over 60000ms)",
      "type": "body-timeout"
    },
    "maxRetries": 2,
    "method": "GET",
    "timeout": 60000,
    "url": "https://registry.npmjs.org/@graphql-codegen%2Ftypescript-operations"
  },
  "233 debug pnpm:request-retry": {
    "attempt": 2,
    "error": {
      "message": "Response timeout while trying to fetch https://registry.npmjs.org/@graphql-codegen%2Ftypescript-react-apollo (over 60000ms)",
      "type": "body-timeout"
    },
    "maxRetries": 2,
    "method": "GET",
    "timeout": 60000,
    "url": "https://registry.npmjs.org/@graphql-codegen%2Ftypescript-react-apollo"
  },
  "234 debug pnpm:request-retry": {
    "attempt": 2,
    "error": {
      "message": "Response timeout while trying to fetch https://registry.npmjs.org/@graphql-codegen%2Fcli (over 60000ms)",
      "type": "body-timeout"
    },
    "maxRetries": 2,
    "method": "GET",
    "timeout": 60000,
    "url": "https://registry.npmjs.org/@graphql-codegen%2Fcli"
  },
  "235 debug pnpm:_dependency_resolved": {
    "resolution": "registry.npmjs.org/next/10.2.2",
    "wanted": {
      "dependentId": ".",
      "name": "next",
      "rawSpec": "10.2.2"
    }
  },
  "236 debug pnpm:progress": {
    "packageId": "registry.npmjs.org/next/10.2.2",
    "requester": "/home/veritem/projects/kobra/Kobra",
    "status": "resolved"
  },
  "237 debug pnpm:fetching-progress": {
    "attempt": 1,
    "packageId": "registry.npmjs.org/next/10.2.2",
    "size": 4959786,
    "status": "started"
  },
  "238 debug pnpm:progress": {
    "packageId": "github.com/kobra-dev/react-console/edc4282f65e6f7ced6521fa191e4a52177408b20",
    "requester": "/home/veritem/projects/kobra/Kobra",
    "status": "resolved"
  },
  "239 debug pnpm:request-retry": {
    "attempt": 2,
    "error": {
      "message": "Response timeout while trying to fetch https://registry.npmjs.org/firebase (over 60000ms)",
      "type": "body-timeout"
    },
    "maxRetries": 2,
    "method": "GET",
    "timeout": 60000,
    "url": "https://registry.npmjs.org/firebase"
  },
  "240 debug pnpm:package-import-method": {
    "method": "hardlink"
  },
  "241 debug pnpm:progress": {
    "packageId": "github.com/kobra-dev/react-console/edc4282f65e6f7ced6521fa191e4a52177408b20",
    "requester": "/home/veritem/projects/kobra/Kobra",
    "status": "fetched"
  },
  "242 debug pnpm:progress": {
    "packageId": "registry.npmjs.org/next/10.2.2",
    "requester": "/home/veritem/projects/kobra/Kobra",
    "status": "fetched"
  },
  "243 error pnpm": {
    "code": "ERR_PNPM_BROKEN_METADATA_JSON",
    "pkgsStack": [],
    "err": {
      "name": "Error",
      "message": "Response timeout while trying to fetch https://registry.npmjs.org/@graphql-codegen%2Ftypescript-operations (over 60000ms)",
      "code": "ERR_PNPM_BROKEN_METADATA_JSON",
      "stack": "Error: Response timeout while trying to fetch https://registry.npmjs.org/@graphql-codegen%2Ftypescript-operations (over 60000ms)\n    at RetryOperation._fn (/home/veritem/.volta/tools/image/packages/pnpm/lib/node_modules/pnpm/dist/pnpm.cjs:64464:36)"
    }
  }
}